-------------
Broker Host: localhost
Storage Dir: /Users/nemanja/Desktop/clones
Worker Count: 5
-------------
bid consumer setup for master
Bid{job=Repository ( path=facebook/react size=1023910 technologies=[] library=express jobId=a15721fb-2141-4342-9b3d-736e11c80cca correlationId=facebook/react destination=Repositories), cost=27102.298947093925, workerId='worker_fast_1', jobName='facebook/react'}
Bid{job=Repository ( path=facebook/react size=1023910 technologies=[] library=express jobId=a15721fb-2141-4342-9b3d-736e11c80cca correlationId=facebook/react destination=Repositories), cost=27071.298947093925, workerId='worker_slow_3', jobName='facebook/react'}
Bid{job=Repository ( path=facebook/react size=1023910 technologies=[] library=express jobId=a15721fb-2141-4342-9b3d-736e11c80cca correlationId=facebook/react destination=Repositories), cost=27151.298947093925, workerId='worker_normal_5', jobName='facebook/react'}
Bid{job=Repository ( path=facebook/react size=1023910 technologies=[] library=express jobId=a15721fb-2141-4342-9b3d-736e11c80cca correlationId=facebook/react destination=Repositories), cost=27112.298947093925, workerId='worker_normal_4', jobName='facebook/react'}
Bid{job=Repository ( path=facebook/react size=1023910 technologies=[] library=express jobId=a15721fb-2141-4342-9b3d-736e11c80cca correlationId=facebook/react destination=Repositories), cost=27110.298947093925, workerId='worker_slow_2', jobName='facebook/react'}
About to send winning bid: Bid{job=Repository ( path=facebook/react size=1023910 technologies=[] library=express jobId=a15721fb-2141-4342-9b3d-736e11c80cca correlationId=facebook/react destination=Repositories), cost=27071.298947093925, workerId='worker_slow_3', jobName='facebook/react'}
Bid{job=Repository ( path=facebook/react size=1023910 technologies=[] library=async jobId=1dfc703f-6220-44c7-a65c-5a49c34a7134 correlationId=facebook/react destination=Repositories), cost=27243.298947093925, workerId='worker_slow_3', jobName='facebook/react'}
Bid{job=Repository ( path=facebook/react size=1023910 technologies=[] library=async jobId=1dfc703f-6220-44c7-a65c-5a49c34a7134 correlationId=facebook/react destination=Repositories), cost=27117.298947093925, workerId='worker_normal_5', jobName='facebook/react'}
Bid{job=Repository ( path=facebook/react size=1023910 technologies=[] library=async jobId=1dfc703f-6220-44c7-a65c-5a49c34a7134 correlationId=facebook/react destination=Repositories), cost=27126.298947093925, workerId='worker_normal_4', jobName='facebook/react'}
Bid{job=Repository ( path=facebook/react size=1023910 technologies=[] library=async jobId=1dfc703f-6220-44c7-a65c-5a49c34a7134 correlationId=facebook/react destination=Repositories), cost=27120.298947093925, workerId='worker_slow_2', jobName='facebook/react'}
Bid{job=Repository ( path=facebook/react size=1023910 technologies=[] library=async jobId=1dfc703f-6220-44c7-a65c-5a49c34a7134 correlationId=facebook/react destination=Repositories), cost=27131.298947093925, workerId='worker_fast_1', jobName='facebook/react'}
About to send winning bid: Bid{job=Repository ( path=facebook/react size=1023910 technologies=[] library=async jobId=1dfc703f-6220-44c7-a65c-5a49c34a7134 correlationId=facebook/react destination=Repositories), cost=27117.298947093925, workerId='worker_normal_5', jobName='facebook/react'}
Bid{job=Repository ( path=torvalds/linux size=5604017 technologies=[] library=express jobId=1307f91f-1faf-43f6-ab10-baae7bc7f6a6 correlationId=torvalds/linux destination=Repositories), cost=145717.9818854367, workerId='worker_slow_3', jobName='torvalds/linux'}
Bid{job=Repository ( path=torvalds/linux size=5604017 technologies=[] library=express jobId=1307f91f-1faf-43f6-ab10-baae7bc7f6a6 correlationId=torvalds/linux destination=Repositories), cost=118678.68293834277, workerId='worker_fast_1', jobName='torvalds/linux'}
Bid{job=Repository ( path=torvalds/linux size=5604017 technologies=[] library=express jobId=1307f91f-1faf-43f6-ab10-baae7bc7f6a6 correlationId=torvalds/linux destination=Repositories), cost=118641.68293834277, workerId='worker_normal_4', jobName='torvalds/linux'}
Bid{job=Repository ( path=torvalds/linux size=5604017 technologies=[] library=express jobId=1307f91f-1faf-43f6-ab10-baae7bc7f6a6 correlationId=torvalds/linux destination=Repositories), cost=145745.9818854367, workerId='worker_normal_5', jobName='torvalds/linux'}
Bid{job=Repository ( path=torvalds/linux size=5604017 technologies=[] library=express jobId=1307f91f-1faf-43f6-ab10-baae7bc7f6a6 correlationId=torvalds/linux destination=Repositories), cost=118679.68293834277, workerId='worker_slow_2', jobName='torvalds/linux'}
About to send winning bid: Bid{job=Repository ( path=torvalds/linux size=5604017 technologies=[] library=express jobId=1307f91f-1faf-43f6-ab10-baae7bc7f6a6 correlationId=torvalds/linux destination=Repositories), cost=118641.68293834277, workerId='worker_normal_4', jobName='torvalds/linux'}
Bid{job=Repository ( path=torvalds/linux size=5604017 technologies=[] library=async jobId=d9304903-621d-425a-b4e5-4cc42ff4559a correlationId=torvalds/linux destination=Repositories), cost=118743.68293834277, workerId='worker_normal_4', jobName='torvalds/linux'}
Bid{job=Repository ( path=torvalds/linux size=5604017 technologies=[] library=async jobId=d9304903-621d-425a-b4e5-4cc42ff4559a correlationId=torvalds/linux destination=Repositories), cost=118650.68293834277, workerId='worker_slow_2', jobName='torvalds/linux'}
Bid{job=Repository ( path=torvalds/linux size=5604017 technologies=[] library=async jobId=d9304903-621d-425a-b4e5-4cc42ff4559a correlationId=torvalds/linux destination=Repositories), cost=145823.9818854367, workerId='worker_normal_5', jobName='torvalds/linux'}
Bid{job=Repository ( path=torvalds/linux size=5604017 technologies=[] library=async jobId=d9304903-621d-425a-b4e5-4cc42ff4559a correlationId=torvalds/linux destination=Repositories), cost=145715.9818854367, workerId='worker_slow_3', jobName='torvalds/linux'}
Bid{job=Repository ( path=torvalds/linux size=5604017 technologies=[] library=async jobId=d9304903-621d-425a-b4e5-4cc42ff4559a correlationId=torvalds/linux destination=Repositories), cost=118655.68293834277, workerId='worker_fast_1', jobName='torvalds/linux'}
About to send winning bid: Bid{job=Repository ( path=torvalds/linux size=5604017 technologies=[] library=async jobId=d9304903-621d-425a-b4e5-4cc42ff4559a correlationId=torvalds/linux destination=Repositories), cost=118650.68293834277, workerId='worker_slow_2', jobName='torvalds/linux'}
Bid{job=Repository ( path=tensorflow/tensorflow size=1170071 technologies=[] library=express jobId=0be52f6e-0445-4c53-8d0b-e7cd82a48535 correlationId=tensorflow/tensorflow destination=Repositories), cost=57515.58999371392, workerId='worker_normal_5', jobName='tensorflow/tensorflow'}
Bid{job=Repository ( path=tensorflow/tensorflow size=1170071 technologies=[] library=express jobId=0be52f6e-0445-4c53-8d0b-e7cd82a48535 correlationId=tensorflow/tensorflow destination=Repositories), cost=30380.291046619994, workerId='worker_fast_1', jobName='tensorflow/tensorflow'}
Bid{job=Repository ( path=tensorflow/tensorflow size=1170071 technologies=[] library=express jobId=0be52f6e-0445-4c53-8d0b-e7cd82a48535 correlationId=tensorflow/tensorflow destination=Repositories), cost=148992.97398496277, workerId='worker_slow_2', jobName='tensorflow/tensorflow'}
Bid{job=Repository ( path=tensorflow/tensorflow size=1170071 technologies=[] library=express jobId=0be52f6e-0445-4c53-8d0b-e7cd82a48535 correlationId=tensorflow/tensorflow destination=Repositories), cost=57471.58999371392, workerId='worker_slow_3', jobName='tensorflow/tensorflow'}
Bid{job=Repository ( path=tensorflow/tensorflow size=1170071 technologies=[] library=express jobId=0be52f6e-0445-4c53-8d0b-e7cd82a48535 correlationId=tensorflow/tensorflow destination=Repositories), cost=149002.97398496277, workerId='worker_normal_4', jobName='tensorflow/tensorflow'}
About to send winning bid: Bid{job=Repository ( path=tensorflow/tensorflow size=1170071 technologies=[] library=express jobId=0be52f6e-0445-4c53-8d0b-e7cd82a48535 correlationId=tensorflow/tensorflow destination=Repositories), cost=30380.291046619994, workerId='worker_fast_1', jobName='tensorflow/tensorflow'}
Bid{job=Repository ( path=tensorflow/tensorflow size=1170071 technologies=[] library=async jobId=db28f4cc-c6b6-48e6-a990-d38f5d9b67f2 correlationId=tensorflow/tensorflow destination=Repositories), cost=149037.97398496277, workerId='worker_normal_4', jobName='tensorflow/tensorflow'}
Bid{job=Repository ( path=tensorflow/tensorflow size=1170071 technologies=[] library=async jobId=db28f4cc-c6b6-48e6-a990-d38f5d9b67f2 correlationId=tensorflow/tensorflow destination=Repositories), cost=57507.58999371392, workerId='worker_normal_5', jobName='tensorflow/tensorflow'}
Bid{job=Repository ( path=tensorflow/tensorflow size=1170071 technologies=[] library=async jobId=db28f4cc-c6b6-48e6-a990-d38f5d9b67f2 correlationId=tensorflow/tensorflow destination=Repositories), cost=30523.291046619994, workerId='worker_fast_1', jobName='tensorflow/tensorflow'}
Bid{job=Repository ( path=tensorflow/tensorflow size=1170071 technologies=[] library=async jobId=db28f4cc-c6b6-48e6-a990-d38f5d9b67f2 correlationId=tensorflow/tensorflow destination=Repositories), cost=149051.97398496277, workerId='worker_slow_2', jobName='tensorflow/tensorflow'}
Bid{job=Repository ( path=tensorflow/tensorflow size=1170071 technologies=[] library=async jobId=db28f4cc-c6b6-48e6-a990-d38f5d9b67f2 correlationId=tensorflow/tensorflow destination=Repositories), cost=57431.58999371392, workerId='worker_slow_3', jobName='tensorflow/tensorflow'}
About to send winning bid: Bid{job=Repository ( path=tensorflow/tensorflow size=1170071 technologies=[] library=async jobId=db28f4cc-c6b6-48e6-a990-d38f5d9b67f2 correlationId=tensorflow/tensorflow destination=Repositories), cost=30523.291046619994, workerId='worker_fast_1', jobName='tensorflow/tensorflow'}
Bid{job=Repository ( path=microsoft/vscode size=1028472 technologies=[] library=express jobId=0c8aa30f-c1d6-4053-99fc-d5075f73d422 correlationId=microsoft/vscode destination=Repositories), cost=145897.75671170908, workerId='worker_normal_4', jobName='microsoft/vscode'}
Bid{job=Repository ( path=microsoft/vscode size=1028472 technologies=[] library=express jobId=0c8aa30f-c1d6-4053-99fc-d5075f73d422 correlationId=microsoft/vscode destination=Repositories), cost=54310.37272046025, workerId='worker_normal_5', jobName='microsoft/vscode'}
Bid{job=Repository ( path=microsoft/vscode size=1028472 technologies=[] library=express jobId=0c8aa30f-c1d6-4053-99fc-d5075f73d422 correlationId=microsoft/vscode destination=Repositories), cost=145918.75671170908, workerId='worker_slow_2', jobName='microsoft/vscode'}
Bid{job=Repository ( path=microsoft/vscode size=1028472 technologies=[] library=express jobId=0c8aa30f-c1d6-4053-99fc-d5075f73d422 correlationId=microsoft/vscode destination=Repositories), cost=57769.364819986324, workerId='worker_fast_1', jobName='microsoft/vscode'}
Bid{job=Repository ( path=microsoft/vscode size=1028472 technologies=[] library=express jobId=0c8aa30f-c1d6-4053-99fc-d5075f73d422 correlationId=microsoft/vscode destination=Repositories), cost=54272.37272046025, workerId='worker_slow_3', jobName='microsoft/vscode'}
About to send winning bid: Bid{job=Repository ( path=microsoft/vscode size=1028472 technologies=[] library=express jobId=0c8aa30f-c1d6-4053-99fc-d5075f73d422 correlationId=microsoft/vscode destination=Repositories), cost=54272.37272046025, workerId='worker_slow_3', jobName='microsoft/vscode'}
Bid{job=Repository ( path=microsoft/vscode size=1028472 technologies=[] library=async jobId=c9c3db4f-5ec6-4845-8d1c-73d7ec61670b correlationId=microsoft/vscode destination=Repositories), cost=54320.37272046025, workerId='worker_normal_5', jobName='microsoft/vscode'}
Bid{job=Repository ( path=microsoft/vscode size=1028472 technologies=[] library=async jobId=c9c3db4f-5ec6-4845-8d1c-73d7ec61670b correlationId=microsoft/vscode destination=Repositories), cost=54417.37272046025, workerId='worker_slow_3', jobName='microsoft/vscode'}
Bid{job=Repository ( path=microsoft/vscode size=1028472 technologies=[] library=async jobId=c9c3db4f-5ec6-4845-8d1c-73d7ec61670b correlationId=microsoft/vscode destination=Repositories), cost=145867.75671170908, workerId='worker_normal_4', jobName='microsoft/vscode'}
Bid{job=Repository ( path=microsoft/vscode size=1028472 technologies=[] library=async jobId=c9c3db4f-5ec6-4845-8d1c-73d7ec61670b correlationId=microsoft/vscode destination=Repositories), cost=57754.364819986324, workerId='worker_fast_1', jobName='microsoft/vscode'}
Bid{job=Repository ( path=microsoft/vscode size=1028472 technologies=[] library=async jobId=c9c3db4f-5ec6-4845-8d1c-73d7ec61670b correlationId=microsoft/vscode destination=Repositories), cost=145856.75671170908, workerId='worker_slow_2', jobName='microsoft/vscode'}
About to send winning bid: Bid{job=Repository ( path=microsoft/vscode size=1028472 technologies=[] library=async jobId=c9c3db4f-5ec6-4845-8d1c-73d7ec61670b correlationId=microsoft/vscode destination=Repositories), cost=54320.37272046025, workerId='worker_normal_5', jobName='microsoft/vscode'}
Bid{job=Repository ( path=vercel/next.js size=2271454 technologies=[] library=express jobId=ddb42c58-61e1-417a-8a16-4d4b9f1631ba correlationId=vercel/next.js destination=Repositories), cost=108140.94516798164, workerId='worker_normal_5', jobName='vercel/next.js'}
Bid{job=Repository ( path=vercel/next.js size=2271454 technologies=[] library=express jobId=ddb42c58-61e1-417a-8a16-4d4b9f1631ba correlationId=vercel/next.js destination=Repositories), cost=172421.25538586415, workerId='worker_normal_4', jobName='vercel/next.js'}
Bid{job=Repository ( path=vercel/next.js size=2271454 technologies=[] library=express jobId=ddb42c58-61e1-417a-8a16-4d4b9f1631ba correlationId=vercel/next.js destination=Repositories), cost=108070.94516798164, workerId='worker_slow_3', jobName='vercel/next.js'}
Bid{job=Repository ( path=vercel/next.js size=2271454 technologies=[] library=express jobId=ddb42c58-61e1-417a-8a16-4d4b9f1631ba correlationId=vercel/next.js destination=Repositories), cost=84275.86349414138, workerId='worker_fast_1', jobName='vercel/next.js'}
Bid{job=Repository ( path=vercel/next.js size=2271454 technologies=[] library=express jobId=ddb42c58-61e1-417a-8a16-4d4b9f1631ba correlationId=vercel/next.js destination=Repositories), cost=172433.25538586415, workerId='worker_slow_2', jobName='vercel/next.js'}
About to send winning bid: Bid{job=Repository ( path=vercel/next.js size=2271454 technologies=[] library=express jobId=ddb42c58-61e1-417a-8a16-4d4b9f1631ba correlationId=vercel/next.js destination=Repositories), cost=84275.86349414138, workerId='worker_fast_1', jobName='vercel/next.js'}
Bid{job=Repository ( path=vercel/next.js size=2271454 technologies=[] library=async jobId=690d9303-38a4-4d43-96d1-aee834b3fbb5 correlationId=vercel/next.js destination=Repositories), cost=108029.94516798164, workerId='worker_slow_3', jobName='vercel/next.js'}
Bid{job=Repository ( path=vercel/next.js size=2271454 technologies=[] library=async jobId=690d9303-38a4-4d43-96d1-aee834b3fbb5 correlationId=vercel/next.js destination=Repositories), cost=172416.25538586415, workerId='worker_normal_4', jobName='vercel/next.js'}
Bid{job=Repository ( path=vercel/next.js size=2271454 technologies=[] library=async jobId=690d9303-38a4-4d43-96d1-aee834b3fbb5 correlationId=vercel/next.js destination=Repositories), cost=84487.86349414138, workerId='worker_fast_1', jobName='vercel/next.js'}
Bid{job=Repository ( path=vercel/next.js size=2271454 technologies=[] library=async jobId=690d9303-38a4-4d43-96d1-aee834b3fbb5 correlationId=vercel/next.js destination=Repositories), cost=172437.25538586415, workerId='worker_slow_2', jobName='vercel/next.js'}
Bid{job=Repository ( path=vercel/next.js size=2271454 technologies=[] library=async jobId=690d9303-38a4-4d43-96d1-aee834b3fbb5 correlationId=vercel/next.js destination=Repositories), cost=108122.94516798164, workerId='worker_normal_5', jobName='vercel/next.js'}
About to send winning bid: Bid{job=Repository ( path=vercel/next.js size=2271454 technologies=[] library=async jobId=690d9303-38a4-4d43-96d1-aee834b3fbb5 correlationId=vercel/next.js destination=Repositories), cost=84487.86349414138, workerId='worker_fast_1', jobName='vercel/next.js'}
Bid{job=Repository ( path=Chalarangelo/30-seconds-of-code size=728039 technologies=[] library=express jobId=f9258c92-4dab-4f9d-83ca-22cdfe6e4b7d correlationId=Chalarangelo/30-seconds-of-code destination=Repositories), cost=138963.7000199291, workerId='worker_normal_4', jobName='Chalarangelo/30-seconds-of-code'}
Bid{job=Repository ( path=Chalarangelo/30-seconds-of-code size=728039 technologies=[] library=express jobId=f9258c92-4dab-4f9d-83ca-22cdfe6e4b7d correlationId=Chalarangelo/30-seconds-of-code destination=Repositories), cost=138900.7000199291, workerId='worker_slow_2', jobName='Chalarangelo/30-seconds-of-code'}
Bid{job=Repository ( path=Chalarangelo/30-seconds-of-code size=728039 technologies=[] library=express jobId=f9258c92-4dab-4f9d-83ca-22cdfe6e4b7d correlationId=Chalarangelo/30-seconds-of-code destination=Repositories), cost=74608.38980204657, workerId='worker_normal_5', jobName='Chalarangelo/30-seconds-of-code'}
Bid{job=Repository ( path=Chalarangelo/30-seconds-of-code size=728039 technologies=[] library=express jobId=f9258c92-4dab-4f9d-83ca-22cdfe6e4b7d correlationId=Chalarangelo/30-seconds-of-code destination=Repositories), cost=74578.38980204657, workerId='worker_slow_3', jobName='Chalarangelo/30-seconds-of-code'}
Bid{job=Repository ( path=Chalarangelo/30-seconds-of-code size=728039 technologies=[] library=express jobId=f9258c92-4dab-4f9d-83ca-22cdfe6e4b7d correlationId=Chalarangelo/30-seconds-of-code destination=Repositories), cost=104797.8805757277, workerId='worker_fast_1', jobName='Chalarangelo/30-seconds-of-code'}
About to send winning bid: Bid{job=Repository ( path=Chalarangelo/30-seconds-of-code size=728039 technologies=[] library=express jobId=f9258c92-4dab-4f9d-83ca-22cdfe6e4b7d correlationId=Chalarangelo/30-seconds-of-code destination=Repositories), cost=74578.38980204657, workerId='worker_slow_3', jobName='Chalarangelo/30-seconds-of-code'}
Bid{job=Repository ( path=Chalarangelo/30-seconds-of-code size=728039 technologies=[] library=async jobId=25a67057-51de-4463-a47a-42a3e761a8a3 correlationId=Chalarangelo/30-seconds-of-code destination=Repositories), cost=74708.38980204657, workerId='worker_slow_3', jobName='Chalarangelo/30-seconds-of-code'}
Bid{job=Repository ( path=Chalarangelo/30-seconds-of-code size=728039 technologies=[] library=async jobId=25a67057-51de-4463-a47a-42a3e761a8a3 correlationId=Chalarangelo/30-seconds-of-code destination=Repositories), cost=138945.7000199291, workerId='worker_slow_2', jobName='Chalarangelo/30-seconds-of-code'}
Bid{job=Repository ( path=Chalarangelo/30-seconds-of-code size=728039 technologies=[] library=async jobId=25a67057-51de-4463-a47a-42a3e761a8a3 correlationId=Chalarangelo/30-seconds-of-code destination=Repositories), cost=104781.8805757277, workerId='worker_fast_1', jobName='Chalarangelo/30-seconds-of-code'}
Bid{job=Repository ( path=Chalarangelo/30-seconds-of-code size=728039 technologies=[] library=async jobId=25a67057-51de-4463-a47a-42a3e761a8a3 correlationId=Chalarangelo/30-seconds-of-code destination=Repositories), cost=74605.38980204657, workerId='worker_normal_5', jobName='Chalarangelo/30-seconds-of-code'}
Bid{job=Repository ( path=Chalarangelo/30-seconds-of-code size=728039 technologies=[] library=async jobId=25a67057-51de-4463-a47a-42a3e761a8a3 correlationId=Chalarangelo/30-seconds-of-code destination=Repositories), cost=138932.7000199291, workerId='worker_normal_4', jobName='Chalarangelo/30-seconds-of-code'}
About to send winning bid: Bid{job=Repository ( path=Chalarangelo/30-seconds-of-code size=728039 technologies=[] library=async jobId=25a67057-51de-4463-a47a-42a3e761a8a3 correlationId=Chalarangelo/30-seconds-of-code destination=Repositories), cost=74605.38980204657, workerId='worker_normal_5', jobName='Chalarangelo/30-seconds-of-code'}
Bid{job=Repository ( path=facebook/react-native size=923457 technologies=[] library=express jobId=2241e76e-bf8e-4966-8190-2db53c4b01bb correlationId=facebook/react-native destination=Repositories), cost=143491.44050088333, workerId='worker_slow_2', jobName='facebook/react-native'}
Bid{job=Repository ( path=facebook/react-native size=923457 technologies=[] library=express jobId=2241e76e-bf8e-4966-8190-2db53c4b01bb correlationId=facebook/react-native destination=Repositories), cost=109290.62105668195, workerId='worker_fast_1', jobName='facebook/react-native'}
Bid{job=Repository ( path=facebook/react-native size=923457 technologies=[] library=express jobId=2241e76e-bf8e-4966-8190-2db53c4b01bb correlationId=facebook/react-native destination=Repositories), cost=99485.14736458714, workerId='worker_normal_5', jobName='facebook/react-native'}
Bid{job=Repository ( path=facebook/react-native size=923457 technologies=[] library=express jobId=2241e76e-bf8e-4966-8190-2db53c4b01bb correlationId=facebook/react-native destination=Repositories), cost=99421.14736458714, workerId='worker_slow_3', jobName='facebook/react-native'}
Bid{job=Repository ( path=facebook/react-native size=923457 technologies=[] library=express jobId=2241e76e-bf8e-4966-8190-2db53c4b01bb correlationId=facebook/react-native destination=Repositories), cost=143440.44050088333, workerId='worker_normal_4', jobName='facebook/react-native'}
About to send winning bid: Bid{job=Repository ( path=facebook/react-native size=923457 technologies=[] library=express jobId=2241e76e-bf8e-4966-8190-2db53c4b01bb correlationId=facebook/react-native destination=Repositories), cost=99421.14736458714, workerId='worker_slow_3', jobName='facebook/react-native'}
Bid{job=Repository ( path=facebook/react-native size=923457 technologies=[] library=async jobId=6649082f-8993-4d6b-9e29-038b62f741c5 correlationId=facebook/react-native destination=Repositories), cost=99644.14736458714, workerId='worker_slow_3', jobName='facebook/react-native'}
Bid{job=Repository ( path=facebook/react-native size=923457 technologies=[] library=async jobId=6649082f-8993-4d6b-9e29-038b62f741c5 correlationId=facebook/react-native destination=Repositories), cost=109309.62105668195, workerId='worker_fast_1', jobName='facebook/react-native'}
Bid{job=Repository ( path=facebook/react-native size=923457 technologies=[] library=async jobId=6649082f-8993-4d6b-9e29-038b62f741c5 correlationId=facebook/react-native destination=Repositories), cost=143538.44050088333, workerId='worker_slow_2', jobName='facebook/react-native'}
Bid{job=Repository ( path=facebook/react-native size=923457 technologies=[] library=async jobId=6649082f-8993-4d6b-9e29-038b62f741c5 correlationId=facebook/react-native destination=Repositories), cost=143513.44050088333, workerId='worker_normal_4', jobName='facebook/react-native'}
Bid{job=Repository ( path=facebook/react-native size=923457 technologies=[] library=async jobId=6649082f-8993-4d6b-9e29-038b62f741c5 correlationId=facebook/react-native destination=Repositories), cost=99408.14736458714, workerId='worker_normal_5', jobName='facebook/react-native'}
About to send winning bid: Bid{job=Repository ( path=facebook/react-native size=923457 technologies=[] library=async jobId=6649082f-8993-4d6b-9e29-038b62f741c5 correlationId=facebook/react-native destination=Repositories), cost=99408.14736458714, workerId='worker_normal_5', jobName='facebook/react-native'}
Bid{job=Repository ( path=kubernetes/kubernetes size=1374597 technologies=[] library=express jobId=090e3dde-7fd8-4514-845f-02de17b80997 correlationId=kubernetes/kubernetes destination=Repositories), cost=119345.57937756466, workerId='worker_fast_1', jobName='kubernetes/kubernetes'}
Bid{job=Repository ( path=kubernetes/kubernetes size=1374597 technologies=[] library=express jobId=090e3dde-7fd8-4514-845f-02de17b80997 correlationId=kubernetes/kubernetes destination=Repositories), cost=134277.86324801043, workerId='worker_normal_5', jobName='kubernetes/kubernetes'}
Bid{job=Repository ( path=kubernetes/kubernetes size=1374597 technologies=[] library=express jobId=090e3dde-7fd8-4514-845f-02de17b80997 correlationId=kubernetes/kubernetes destination=Repositories), cost=134238.86324801043, workerId='worker_slow_3', jobName='kubernetes/kubernetes'}
Bid{job=Repository ( path=kubernetes/kubernetes size=1374597 technologies=[] library=express jobId=090e3dde-7fd8-4514-845f-02de17b80997 correlationId=kubernetes/kubernetes destination=Repositories), cost=153510.39882176605, workerId='worker_normal_4', jobName='kubernetes/kubernetes'}
Bid{job=Repository ( path=kubernetes/kubernetes size=1374597 technologies=[] library=express jobId=090e3dde-7fd8-4514-845f-02de17b80997 correlationId=kubernetes/kubernetes destination=Repositories), cost=153510.39882176605, workerId='worker_slow_2', jobName='kubernetes/kubernetes'}
About to send winning bid: Bid{job=Repository ( path=kubernetes/kubernetes size=1374597 technologies=[] library=express jobId=090e3dde-7fd8-4514-845f-02de17b80997 correlationId=kubernetes/kubernetes destination=Repositories), cost=119345.57937756466, workerId='worker_fast_1', jobName='kubernetes/kubernetes'}
Bid{job=Repository ( path=kubernetes/kubernetes size=1374597 technologies=[] library=async jobId=d9517498-5f20-4baf-864b-c816de251b75 correlationId=kubernetes/kubernetes destination=Repositories), cost=153448.39882176605, workerId='worker_slow_2', jobName='kubernetes/kubernetes'}
Bid{job=Repository ( path=kubernetes/kubernetes size=1374597 technologies=[] library=async jobId=d9517498-5f20-4baf-864b-c816de251b75 correlationId=kubernetes/kubernetes destination=Repositories), cost=119530.57937756466, workerId='worker_fast_1', jobName='kubernetes/kubernetes'}
Bid{job=Repository ( path=kubernetes/kubernetes size=1374597 technologies=[] library=async jobId=d9517498-5f20-4baf-864b-c816de251b75 correlationId=kubernetes/kubernetes destination=Repositories), cost=134277.86324801043, workerId='worker_normal_5', jobName='kubernetes/kubernetes'}
Bid{job=Repository ( path=kubernetes/kubernetes size=1374597 technologies=[] library=async jobId=d9517498-5f20-4baf-864b-c816de251b75 correlationId=kubernetes/kubernetes destination=Repositories), cost=134319.86324801043, workerId='worker_slow_3', jobName='kubernetes/kubernetes'}
Bid{job=Repository ( path=kubernetes/kubernetes size=1374597 technologies=[] library=async jobId=d9517498-5f20-4baf-864b-c816de251b75 correlationId=kubernetes/kubernetes destination=Repositories), cost=153448.39882176605, workerId='worker_normal_4', jobName='kubernetes/kubernetes'}
About to send winning bid: Bid{job=Repository ( path=kubernetes/kubernetes size=1374597 technologies=[] library=async jobId=d9517498-5f20-4baf-864b-c816de251b75 correlationId=kubernetes/kubernetes destination=Repositories), cost=119530.57937756466, workerId='worker_fast_1', jobName='kubernetes/kubernetes'}
Bid{job=Repository ( path=nodejs/node size=1353592 technologies=[] library=express jobId=140edea5-e8da-4283-9e1b-bfc3d6f208d3 correlationId=nodejs/node destination=Repositories), cost=133836.29168295444, workerId='worker_slow_3', jobName='nodejs/node'}
Bid{job=Repository ( path=nodejs/node size=1353592 technologies=[] library=express jobId=140edea5-e8da-4283-9e1b-bfc3d6f208d3 correlationId=nodejs/node destination=Repositories), cost=153063.82725671006, workerId='worker_slow_2', jobName='nodejs/node'}
Bid{job=Repository ( path=nodejs/node size=1353592 technologies=[] library=express jobId=140edea5-e8da-4283-9e1b-bfc3d6f208d3 correlationId=nodejs/node destination=Repositories), cost=153028.82725671006, workerId='worker_normal_4', jobName='nodejs/node'}
Bid{job=Repository ( path=nodejs/node size=1353592 technologies=[] library=express jobId=140edea5-e8da-4283-9e1b-bfc3d6f208d3 correlationId=nodejs/node destination=Repositories), cost=153952.72369593196, workerId='worker_fast_1', jobName='nodejs/node'}
Bid{job=Repository ( path=nodejs/node size=1353592 technologies=[] library=express jobId=140edea5-e8da-4283-9e1b-bfc3d6f208d3 correlationId=nodejs/node destination=Repositories), cost=133837.29168295444, workerId='worker_normal_5', jobName='nodejs/node'}
About to send winning bid: Bid{job=Repository ( path=nodejs/node size=1353592 technologies=[] library=express jobId=140edea5-e8da-4283-9e1b-bfc3d6f208d3 correlationId=nodejs/node destination=Repositories), cost=133836.29168295444, workerId='worker_slow_3', jobName='nodejs/node'}
Bid{job=Repository ( path=nodejs/node size=1353592 technologies=[] library=async jobId=a6d8e625-9ddb-4e1a-9394-baa846122471 correlationId=nodejs/node destination=Repositories), cost=153045.82725671006, workerId='worker_normal_4', jobName='nodejs/node'}
Bid{job=Repository ( path=nodejs/node size=1353592 technologies=[] library=async jobId=a6d8e625-9ddb-4e1a-9394-baa846122471 correlationId=nodejs/node destination=Repositories), cost=153083.82725671006, workerId='worker_slow_2', jobName='nodejs/node'}
Bid{job=Repository ( path=nodejs/node size=1353592 technologies=[] library=async jobId=a6d8e625-9ddb-4e1a-9394-baa846122471 correlationId=nodejs/node destination=Repositories), cost=133850.29168295444, workerId='worker_normal_5', jobName='nodejs/node'}
Bid{job=Repository ( path=nodejs/node size=1353592 technologies=[] library=async jobId=a6d8e625-9ddb-4e1a-9394-baa846122471 correlationId=nodejs/node destination=Repositories), cost=153978.72369593196, workerId='worker_fast_1', jobName='nodejs/node'}
Bid{job=Repository ( path=nodejs/node size=1353592 technologies=[] library=async jobId=a6d8e625-9ddb-4e1a-9394-baa846122471 correlationId=nodejs/node destination=Repositories), cost=133976.29168295444, workerId='worker_slow_3', jobName='nodejs/node'}
About to send winning bid: Bid{job=Repository ( path=nodejs/node size=1353592 technologies=[] library=async jobId=a6d8e625-9ddb-4e1a-9394-baa846122471 correlationId=nodejs/node destination=Repositories), cost=133850.29168295444, workerId='worker_normal_5', jobName='nodejs/node'}
Bid{job=Repository ( path=mrdoob/three.js size=1444571 technologies=[] library=express jobId=5216d9c3-4451-4555-9deb-c10d171ba578 correlationId=mrdoob/three.js destination=Repositories), cost=170263.54462745565, workerId='worker_normal_5', jobName='mrdoob/three.js'}
Bid{job=Repository ( path=mrdoob/three.js size=1444571 technologies=[] library=express jobId=5216d9c3-4451-4555-9deb-c10d171ba578 correlationId=mrdoob/three.js destination=Repositories), cost=170235.54462745565, workerId='worker_slow_3', jobName='mrdoob/three.js'}
Bid{job=Repository ( path=mrdoob/three.js size=1444571 technologies=[] library=express jobId=5216d9c3-4451-4555-9deb-c10d171ba578 correlationId=mrdoob/three.js destination=Repositories), cost=155006.93588284397, workerId='worker_slow_2', jobName='mrdoob/three.js'}
Bid{job=Repository ( path=mrdoob/three.js size=1444571 technologies=[] library=express jobId=5216d9c3-4451-4555-9deb-c10d171ba578 correlationId=mrdoob/three.js destination=Repositories), cost=155000.93588284397, workerId='worker_normal_4', jobName='mrdoob/three.js'}
Bid{job=Repository ( path=mrdoob/three.js size=1444571 technologies=[] library=express jobId=5216d9c3-4451-4555-9deb-c10d171ba578 correlationId=mrdoob/three.js destination=Repositories), cost=155914.83232206586, workerId='worker_fast_1', jobName='mrdoob/three.js'}
About to send winning bid: Bid{job=Repository ( path=mrdoob/three.js size=1444571 technologies=[] library=express jobId=5216d9c3-4451-4555-9deb-c10d171ba578 correlationId=mrdoob/three.js destination=Repositories), cost=155000.93588284397, workerId='worker_normal_4', jobName='mrdoob/three.js'}
Bid{job=Repository ( path=mrdoob/three.js size=1444571 technologies=[] library=async jobId=0a8ec1d1-0920-43e8-9483-8f7fb67d6895 correlationId=mrdoob/three.js destination=Repositories), cost=170245.54462745565, workerId='worker_slow_3', jobName='mrdoob/three.js'}
Bid{job=Repository ( path=mrdoob/three.js size=1444571 technologies=[] library=async jobId=0a8ec1d1-0920-43e8-9483-8f7fb67d6895 correlationId=mrdoob/three.js destination=Repositories), cost=170246.54462745565, workerId='worker_normal_5', jobName='mrdoob/three.js'}
Bid{job=Repository ( path=mrdoob/three.js size=1444571 technologies=[] library=async jobId=0a8ec1d1-0920-43e8-9483-8f7fb67d6895 correlationId=mrdoob/three.js destination=Repositories), cost=155029.93588284397, workerId='worker_slow_2', jobName='mrdoob/three.js'}
Bid{job=Repository ( path=mrdoob/three.js size=1444571 technologies=[] library=async jobId=0a8ec1d1-0920-43e8-9483-8f7fb67d6895 correlationId=mrdoob/three.js destination=Repositories), cost=155109.93588284397, workerId='worker_normal_4', jobName='mrdoob/three.js'}
Bid{job=Repository ( path=mrdoob/three.js size=1444571 technologies=[] library=async jobId=0a8ec1d1-0920-43e8-9483-8f7fb67d6895 correlationId=mrdoob/three.js destination=Repositories), cost=155915.83232206586, workerId='worker_fast_1', jobName='mrdoob/three.js'}
About to send winning bid: Bid{job=Repository ( path=mrdoob/three.js size=1444571 technologies=[] library=async jobId=0a8ec1d1-0920-43e8-9483-8f7fb67d6895 correlationId=mrdoob/three.js destination=Repositories), cost=155029.93588284397, workerId='worker_slow_2', jobName='mrdoob/three.js'}
Bid{job=Repository ( path=microsoft/TypeScript size=2915539 technologies=[] library=express jobId=5e13b128-474b-4a4a-a039-80aa8787c189 correlationId=microsoft/TypeScript destination=Repositories), cost=186403.80425205297, workerId='worker_fast_1', jobName='microsoft/TypeScript'}
Bid{job=Repository ( path=microsoft/TypeScript size=2915539 technologies=[] library=express jobId=5e13b128-474b-4a4a-a039-80aa8787c189 correlationId=microsoft/TypeScript destination=Repositories), cost=221820.16075733228, workerId='worker_normal_4', jobName='microsoft/TypeScript'}
Bid{job=Repository ( path=microsoft/TypeScript size=2915539 technologies=[] library=express jobId=5e13b128-474b-4a4a-a039-80aa8787c189 correlationId=microsoft/TypeScript destination=Repositories), cost=221902.16075733228, workerId='worker_slow_2', jobName='microsoft/TypeScript'}
Bid{job=Repository ( path=microsoft/TypeScript size=2915539 technologies=[] library=express jobId=5e13b128-474b-4a4a-a039-80aa8787c189 correlationId=microsoft/TypeScript destination=Repositories), cost=200686.51655744275, workerId='worker_normal_5', jobName='microsoft/TypeScript'}
Bid{job=Repository ( path=microsoft/TypeScript size=2915539 technologies=[] library=express jobId=5e13b128-474b-4a4a-a039-80aa8787c189 correlationId=microsoft/TypeScript destination=Repositories), cost=200742.51655744275, workerId='worker_slow_3', jobName='microsoft/TypeScript'}
About to send winning bid: Bid{job=Repository ( path=microsoft/TypeScript size=2915539 technologies=[] library=express jobId=5e13b128-474b-4a4a-a039-80aa8787c189 correlationId=microsoft/TypeScript destination=Repositories), cost=186403.80425205297, workerId='worker_fast_1', jobName='microsoft/TypeScript'}
Bid{job=Repository ( path=microsoft/TypeScript size=2915539 technologies=[] library=async jobId=940341c8-78e9-4c4f-a340-c44d5fff19ff correlationId=microsoft/TypeScript destination=Repositories), cost=221861.16075733228, workerId='worker_slow_2', jobName='microsoft/TypeScript'}
Bid{job=Repository ( path=microsoft/TypeScript size=2915539 technologies=[] library=async jobId=940341c8-78e9-4c4f-a340-c44d5fff19ff correlationId=microsoft/TypeScript destination=Repositories), cost=221790.16075733228, workerId='worker_normal_4', jobName='microsoft/TypeScript'}
Bid{job=Repository ( path=microsoft/TypeScript size=2915539 technologies=[] library=async jobId=940341c8-78e9-4c4f-a340-c44d5fff19ff correlationId=microsoft/TypeScript destination=Repositories), cost=186567.80425205297, workerId='worker_fast_1', jobName='microsoft/TypeScript'}
Bid{job=Repository ( path=microsoft/TypeScript size=2915539 technologies=[] library=async jobId=940341c8-78e9-4c4f-a340-c44d5fff19ff correlationId=microsoft/TypeScript destination=Repositories), cost=200701.51655744275, workerId='worker_slow_3', jobName='microsoft/TypeScript'}
Bid{job=Repository ( path=microsoft/TypeScript size=2915539 technologies=[] library=async jobId=940341c8-78e9-4c4f-a340-c44d5fff19ff correlationId=microsoft/TypeScript destination=Repositories), cost=200697.51655744275, workerId='worker_normal_5', jobName='microsoft/TypeScript'}
About to send winning bid: Bid{job=Repository ( path=microsoft/TypeScript size=2915539 technologies=[] library=async jobId=940341c8-78e9-4c4f-a340-c44d5fff19ff correlationId=microsoft/TypeScript destination=Repositories), cost=186567.80425205297, workerId='worker_fast_1', jobName='microsoft/TypeScript'}
Bid{job=Repository ( path=rust-lang/rust size=692082 technologies=[] library=express jobId=46a10d78-a9ec-4981-ba05-99df2ea29290 correlationId=rust-lang/rust destination=Repositories), cost=174476.53331329656, workerId='worker_normal_4', jobName='rust-lang/rust'}
Bid{job=Repository ( path=rust-lang/rust size=692082 technologies=[] library=express jobId=46a10d78-a9ec-4981-ba05-99df2ea29290 correlationId=rust-lang/rust destination=Repositories), cost=153406.88911340703, workerId='worker_normal_5', jobName='rust-lang/rust'}
Bid{job=Repository ( path=rust-lang/rust size=692082 technologies=[] library=express jobId=46a10d78-a9ec-4981-ba05-99df2ea29290 correlationId=rust-lang/rust destination=Repositories), cost=206001.40168250556, workerId='worker_fast_1', jobName='rust-lang/rust'}
Bid{job=Repository ( path=rust-lang/rust size=692082 technologies=[] library=express jobId=46a10d78-a9ec-4981-ba05-99df2ea29290 correlationId=rust-lang/rust destination=Repositories), cost=174488.53331329656, workerId='worker_slow_2', jobName='rust-lang/rust'}
Bid{job=Repository ( path=rust-lang/rust size=692082 technologies=[] library=express jobId=46a10d78-a9ec-4981-ba05-99df2ea29290 correlationId=rust-lang/rust destination=Repositories), cost=153318.88911340703, workerId='worker_slow_3', jobName='rust-lang/rust'}
About to send winning bid: Bid{job=Repository ( path=rust-lang/rust size=692082 technologies=[] library=express jobId=46a10d78-a9ec-4981-ba05-99df2ea29290 correlationId=rust-lang/rust destination=Repositories), cost=153318.88911340703, workerId='worker_slow_3', jobName='rust-lang/rust'}
Bid{job=Repository ( path=rust-lang/rust size=692082 technologies=[] library=async jobId=caadbed0-790d-4c29-bfba-871e7f95f03b correlationId=rust-lang/rust destination=Repositories), cost=153344.88911340703, workerId='worker_normal_5', jobName='rust-lang/rust'}
Bid{job=Repository ( path=rust-lang/rust size=692082 technologies=[] library=async jobId=caadbed0-790d-4c29-bfba-871e7f95f03b correlationId=rust-lang/rust destination=Repositories), cost=174433.53331329656, workerId='worker_slow_2', jobName='rust-lang/rust'}
Bid{job=Repository ( path=rust-lang/rust size=692082 technologies=[] library=async jobId=caadbed0-790d-4c29-bfba-871e7f95f03b correlationId=rust-lang/rust destination=Repositories), cost=174491.53331329656, workerId='worker_normal_4', jobName='rust-lang/rust'}
Bid{job=Repository ( path=rust-lang/rust size=692082 technologies=[] library=async jobId=caadbed0-790d-4c29-bfba-871e7f95f03b correlationId=rust-lang/rust destination=Repositories), cost=153482.88911340703, workerId='worker_slow_3', jobName='rust-lang/rust'}
Bid{job=Repository ( path=rust-lang/rust size=692082 technologies=[] library=async jobId=caadbed0-790d-4c29-bfba-871e7f95f03b correlationId=rust-lang/rust destination=Repositories), cost=206082.40168250556, workerId='worker_fast_1', jobName='rust-lang/rust'}
About to send winning bid: Bid{job=Repository ( path=rust-lang/rust size=692082 technologies=[] library=async jobId=caadbed0-790d-4c29-bfba-871e7f95f03b correlationId=rust-lang/rust destination=Repositories), cost=153344.88911340703, workerId='worker_normal_5', jobName='rust-lang/rust'}
Bid{job=Repository ( path=godotengine/godot size=1604857 technologies=[] library=express jobId=cd667ea5-df4d-4671-b8dd-2e69d82629af correlationId=godotengine/godot destination=Repositories), cost=193184.38972763563, workerId='worker_slow_3', jobName='godotengine/godot'}
Bid{job=Repository ( path=godotengine/godot size=1604857 technologies=[] library=express jobId=cd667ea5-df4d-4671-b8dd-2e69d82629af correlationId=godotengine/godot destination=Repositories), cost=194890.43649707257, workerId='worker_slow_2', jobName='godotengine/godot'}
Bid{job=Repository ( path=godotengine/godot size=1604857 technologies=[] library=express jobId=cd667ea5-df4d-4671-b8dd-2e69d82629af correlationId=godotengine/godot destination=Repositories), cost=226403.30486628157, workerId='worker_fast_1', jobName='godotengine/godot'}
Bid{job=Repository ( path=godotengine/godot size=1604857 technologies=[] library=express jobId=cd667ea5-df4d-4671-b8dd-2e69d82629af correlationId=godotengine/godot destination=Repositories), cost=194794.43649707257, workerId='worker_normal_4', jobName='godotengine/godot'}
Bid{job=Repository ( path=godotengine/godot size=1604857 technologies=[] library=express jobId=cd667ea5-df4d-4671-b8dd-2e69d82629af correlationId=godotengine/godot destination=Repositories), cost=193229.38972763563, workerId='worker_normal_5', jobName='godotengine/godot'}
About to send winning bid: Bid{job=Repository ( path=godotengine/godot size=1604857 technologies=[] library=express jobId=cd667ea5-df4d-4671-b8dd-2e69d82629af correlationId=godotengine/godot destination=Repositories), cost=193184.38972763563, workerId='worker_slow_3', jobName='godotengine/godot'}
Bid{job=Repository ( path=godotengine/godot size=1604857 technologies=[] library=async jobId=346a0efb-fe1c-487b-b8fb-66848acda563 correlationId=godotengine/godot destination=Repositories), cost=226416.30486628157, workerId='worker_fast_1', jobName='godotengine/godot'}
Bid{job=Repository ( path=godotengine/godot size=1604857 technologies=[] library=async jobId=346a0efb-fe1c-487b-b8fb-66848acda563 correlationId=godotengine/godot destination=Repositories), cost=193333.38972763563, workerId='worker_slow_3', jobName='godotengine/godot'}
Bid{job=Repository ( path=godotengine/godot size=1604857 technologies=[] library=async jobId=346a0efb-fe1c-487b-b8fb-66848acda563 correlationId=godotengine/godot destination=Repositories), cost=193135.38972763563, workerId='worker_normal_5', jobName='godotengine/godot'}
Bid{job=Repository ( path=godotengine/godot size=1604857 technologies=[] library=async jobId=346a0efb-fe1c-487b-b8fb-66848acda563 correlationId=godotengine/godot destination=Repositories), cost=194889.43649707257, workerId='worker_slow_2', jobName='godotengine/godot'}
Bid{job=Repository ( path=godotengine/godot size=1604857 technologies=[] library=async jobId=346a0efb-fe1c-487b-b8fb-66848acda563 correlationId=godotengine/godot destination=Repositories), cost=194806.43649707257, workerId='worker_normal_4', jobName='godotengine/godot'}
About to send winning bid: Bid{job=Repository ( path=godotengine/godot size=1604857 technologies=[] library=async jobId=346a0efb-fe1c-487b-b8fb-66848acda563 correlationId=godotengine/godot destination=Repositories), cost=193135.38972763563, workerId='worker_normal_5', jobName='godotengine/godot'}
Bid{job=Repository ( path=angular/angular size=552892 technologies=[] library=express jobId=a12c6b93-d43c-4594-9e09-6e6633133761 correlationId=angular/angular destination=Repositories), cost=171185.31062664595, workerId='worker_normal_4', jobName='angular/angular'}
Bid{job=Repository ( path=angular/angular size=552892 technologies=[] library=express jobId=a12c6b93-d43c-4594-9e09-6e6633133761 correlationId=angular/angular destination=Repositories), cost=209326.7644714376, workerId='worker_slow_3', jobName='angular/angular'}
Bid{job=Repository ( path=angular/angular size=552892 technologies=[] library=express jobId=a12c6b93-d43c-4594-9e09-6e6633133761 correlationId=angular/angular destination=Repositories), cost=171212.31062664595, workerId='worker_slow_2', jobName='angular/angular'}
Bid{job=Repository ( path=angular/angular size=552892 technologies=[] library=express jobId=a12c6b93-d43c-4594-9e09-6e6633133761 correlationId=angular/angular destination=Repositories), cost=209203.7644714376, workerId='worker_normal_5', jobName='angular/angular'}
Bid{job=Repository ( path=angular/angular size=552892 technologies=[] library=express jobId=a12c6b93-d43c-4594-9e09-6e6633133761 correlationId=angular/angular destination=Repositories), cost=202689.17899585495, workerId='worker_fast_1', jobName='angular/angular'}
About to send winning bid: Bid{job=Repository ( path=angular/angular size=552892 technologies=[] library=express jobId=a12c6b93-d43c-4594-9e09-6e6633133761 correlationId=angular/angular destination=Repositories), cost=171185.31062664595, workerId='worker_normal_4', jobName='angular/angular'}
Bid{job=Repository ( path=angular/angular size=552892 technologies=[] library=async jobId=e246ba0d-7ca5-468b-bce6-bd2d6e96304d correlationId=angular/angular destination=Repositories), cost=209272.7644714376, workerId='worker_normal_5', jobName='angular/angular'}
Bid{job=Repository ( path=angular/angular size=552892 technologies=[] library=async jobId=e246ba0d-7ca5-468b-bce6-bd2d6e96304d correlationId=angular/angular destination=Repositories), cost=209332.7644714376, workerId='worker_slow_3', jobName='angular/angular'}
Bid{job=Repository ( path=angular/angular size=552892 technologies=[] library=async jobId=e246ba0d-7ca5-468b-bce6-bd2d6e96304d correlationId=angular/angular destination=Repositories), cost=171174.31062664595, workerId='worker_slow_2', jobName='angular/angular'}
Bid{job=Repository ( path=angular/angular size=552892 technologies=[] library=async jobId=e246ba0d-7ca5-468b-bce6-bd2d6e96304d correlationId=angular/angular destination=Repositories), cost=202699.17899585495, workerId='worker_fast_1', jobName='angular/angular'}
Bid{job=Repository ( path=angular/angular size=552892 technologies=[] library=async jobId=e246ba0d-7ca5-468b-bce6-bd2d6e96304d correlationId=angular/angular destination=Repositories), cost=171386.31062664595, workerId='worker_normal_4', jobName='angular/angular'}
About to send winning bid: Bid{job=Repository ( path=angular/angular size=552892 technologies=[] library=async jobId=e246ba0d-7ca5-468b-bce6-bd2d6e96304d correlationId=angular/angular destination=Repositories), cost=171174.31062664595, workerId='worker_slow_2', jobName='angular/angular'}
Bid{job=Repository ( path=mui/material-ui size=689879 technologies=[] library=express jobId=4e224d9a-cb80-4021-a6a4-486e1eb5c30f correlationId=mui/material-ui destination=Repositories), cost=212587.8913515432, workerId='worker_normal_5', jobName='mui/material-ui'}
Bid{job=Repository ( path=mui/material-ui size=689879 technologies=[] library=express jobId=4e224d9a-cb80-4021-a6a4-486e1eb5c30f correlationId=mui/material-ui destination=Repositories), cost=190522.8122505535, workerId='worker_normal_4', jobName='mui/material-ui'}
Bid{job=Repository ( path=mui/material-ui size=689879 technologies=[] library=express jobId=4e224d9a-cb80-4021-a6a4-486e1eb5c30f correlationId=mui/material-ui destination=Repositories), cost=190589.8122505535, workerId='worker_slow_2', jobName='mui/material-ui'}
Bid{job=Repository ( path=mui/material-ui size=689879 technologies=[] library=express jobId=4e224d9a-cb80-4021-a6a4-486e1eb5c30f correlationId=mui/material-ui destination=Repositories), cost=206012.30587596053, workerId='worker_fast_1', jobName='mui/material-ui'}
Bid{job=Repository ( path=mui/material-ui size=689879 technologies=[] library=express jobId=4e224d9a-cb80-4021-a6a4-486e1eb5c30f correlationId=mui/material-ui destination=Repositories), cost=212601.8913515432, workerId='worker_slow_3', jobName='mui/material-ui'}
About to send winning bid: Bid{job=Repository ( path=mui/material-ui size=689879 technologies=[] library=express jobId=4e224d9a-cb80-4021-a6a4-486e1eb5c30f correlationId=mui/material-ui destination=Repositories), cost=190522.8122505535, workerId='worker_normal_4', jobName='mui/material-ui'}
Bid{job=Repository ( path=mui/material-ui size=689879 technologies=[] library=async jobId=51fa8910-c0b5-4388-8d9e-cd847bd62bcc correlationId=mui/material-ui destination=Repositories), cost=205993.30587596053, workerId='worker_fast_1', jobName='mui/material-ui'}
Bid{job=Repository ( path=mui/material-ui size=689879 technologies=[] library=async jobId=51fa8910-c0b5-4388-8d9e-cd847bd62bcc correlationId=mui/material-ui destination=Repositories), cost=190641.8122505535, workerId='worker_normal_4', jobName='mui/material-ui'}
Bid{job=Repository ( path=mui/material-ui size=689879 technologies=[] library=async jobId=51fa8910-c0b5-4388-8d9e-cd847bd62bcc correlationId=mui/material-ui destination=Repositories), cost=212598.8913515432, workerId='worker_slow_3', jobName='mui/material-ui'}
Bid{job=Repository ( path=mui/material-ui size=689879 technologies=[] library=async jobId=51fa8910-c0b5-4388-8d9e-cd847bd62bcc correlationId=mui/material-ui destination=Repositories), cost=212568.8913515432, workerId='worker_normal_5', jobName='mui/material-ui'}
Bid{job=Repository ( path=mui/material-ui size=689879 technologies=[] library=async jobId=51fa8910-c0b5-4388-8d9e-cd847bd62bcc correlationId=mui/material-ui destination=Repositories), cost=190598.8122505535, workerId='worker_slow_2', jobName='mui/material-ui'}
About to send winning bid: Bid{job=Repository ( path=mui/material-ui size=689879 technologies=[] library=async jobId=51fa8910-c0b5-4388-8d9e-cd847bd62bcc correlationId=mui/material-ui destination=Repositories), cost=190598.8122505535, workerId='worker_slow_2', jobName='mui/material-ui'}
